2017-11-30 12:00:59,564:INFO: the classify the subject 
2017-11-30 12:00:59,564:INFO: 正在读取新疆省份下28学科的Sub_kpoint_input文件
2017-11-30 12:01:02,620:INFO: 已经解析完新疆省份下9学科的数据，并存入到Prov_Sub_input文件！
2017-11-30 12:01:02,620:INFO: 正在读取新疆省份下43学科的Sub_kpoint_input文件
2017-11-30 12:01:05,753:INFO: 已经解析完新疆省份下9学科的数据，并存入到Prov_Sub_input文件！
2017-11-30 12:01:05,753:INFO: 正在读取新疆省份下41学科的Sub_kpoint_input文件
2017-11-30 12:01:08,734:INFO: 已经解析完新疆省份下9学科的数据，并存入到Prov_Sub_input文件！
2017-11-30 12:01:08,734:INFO: 正在读取新疆省份下9学科的Sub_kpoint_input文件
2017-11-30 12:01:11,737:INFO: 已经解析完新疆省份下9学科的数据，并存入到Prov_Sub_input文件！
2017-11-30 12:01:11,737:INFO: 正在读取新疆省份下27学科的Sub_kpoint_input文件
2017-11-30 12:01:14,791:INFO: 已经解析完新疆省份下9学科的数据，并存入到Prov_Sub_input文件！
2017-11-30 12:01:14,792:INFO: 正在读取新疆省份下24学科的Sub_kpoint_input文件
2017-11-30 12:01:17,745:INFO: 已经解析完新疆省份下9学科的数据，并存入到Prov_Sub_input文件！
2017-11-30 12:01:17,745:INFO: 正在读取新疆省份下50学科的Sub_kpoint_input文件
2017-11-30 12:01:20,647:INFO: 已经解析完新疆省份下9学科的数据，并存入到Prov_Sub_input文件！
2017-11-30 12:01:20,647:INFO: 正在读取新疆省份下23学科的Sub_kpoint_input文件
2017-11-30 12:01:23,600:INFO: 已经解析完新疆省份下9学科的数据，并存入到Prov_Sub_input文件！
2017-11-30 12:01:23,600:INFO: 正在读取新疆省份下2学科的Sub_kpoint_input文件
2017-11-30 12:01:26,622:INFO: 已经解析完新疆省份下9学科的数据，并存入到Prov_Sub_input文件！
2017-11-30 12:01:26,623:INFO: 正在读取新疆省份下4学科的Sub_kpoint_input文件
2017-11-30 12:01:29,617:INFO: 已经解析完新疆省份下9学科的数据，并存入到Prov_Sub_input文件！
2017-11-30 12:01:29,617:INFO: 正在读取新疆省份下26学科的Sub_kpoint_input文件
2017-11-30 12:01:32,775:INFO: 已经解析完新疆省份下9学科的数据，并存入到Prov_Sub_input文件！
2017-11-30 12:01:32,775:INFO: 正在读取新疆省份下10学科的Sub_kpoint_input文件
2017-11-30 12:01:35,780:INFO: 已经解析完新疆省份下9学科的数据，并存入到Prov_Sub_input文件！
2017-11-30 12:01:35,780:INFO: 正在读取新疆省份下49学科的Sub_kpoint_input文件
2017-11-30 12:01:38,752:INFO: 已经解析完新疆省份下9学科的数据，并存入到Prov_Sub_input文件！
2017-11-30 12:01:38,752:INFO: 正在读取新疆省份下42学科的Sub_kpoint_input文件
2017-11-30 12:01:41,760:INFO: 已经解析完新疆省份下9学科的数据，并存入到Prov_Sub_input文件！
2017-11-30 12:01:41,760:INFO: 正在读取新疆省份下1学科的Sub_kpoint_input文件
2017-11-30 12:01:44,816:INFO: 已经解析完新疆省份下9学科的数据，并存入到Prov_Sub_input文件！
2017-11-30 12:01:44,816:INFO: 正在读取新疆省份下47学科的Sub_kpoint_input文件
2017-11-30 12:01:47,814:INFO: 已经解析完新疆省份下9学科的数据，并存入到Prov_Sub_input文件！
2017-11-30 12:01:47,814:INFO: 正在读取新疆省份下46学科的Sub_kpoint_input文件
2017-11-30 12:01:50,788:INFO: 已经解析完新疆省份下9学科的数据，并存入到Prov_Sub_input文件！
2017-11-30 12:01:50,789:INFO: 正在读取新疆省份下7学科的Sub_kpoint_input文件
2017-11-30 12:01:53,831:INFO: 已经解析完新疆省份下9学科的数据，并存入到Prov_Sub_input文件！
2017-11-30 12:01:53,831:INFO: 正在读取新疆省份下21学科的Sub_kpoint_input文件
2017-11-30 12:01:56,870:INFO: 已经解析完新疆省份下9学科的数据，并存入到Prov_Sub_input文件！
2017-11-30 12:01:56,871:INFO: 正在读取新疆省份下30学科的Sub_kpoint_input文件
2017-11-30 12:01:59,822:INFO: 已经解析完新疆省份下9学科的数据，并存入到Prov_Sub_input文件！
2017-11-30 12:01:59,823:INFO: 正在读取新疆省份下3学科的Sub_kpoint_input文件
2017-11-30 12:02:02,889:INFO: 已经解析完新疆省份下9学科的数据，并存入到Prov_Sub_input文件！
2017-11-30 12:02:02,889:INFO: 正在读取新疆省份下8学科的Sub_kpoint_input文件
2017-11-30 12:02:05,888:INFO: 已经解析完新疆省份下9学科的数据，并存入到Prov_Sub_input文件！
2017-11-30 12:02:05,888:INFO: 正在读取新疆省份下6学科的Sub_kpoint_input文件
2017-11-30 12:02:08,898:INFO: 已经解析完新疆省份下9学科的数据，并存入到Prov_Sub_input文件！
2017-11-30 12:02:08,899:INFO: 正在读取新疆省份下48学科的Sub_kpoint_input文件
2017-11-30 12:02:11,882:INFO: 已经解析完新疆省份下9学科的数据，并存入到Prov_Sub_input文件！
2017-11-30 12:02:11,882:INFO: 正在读取新疆省份下29学科的Sub_kpoint_input文件
2017-11-30 12:02:14,888:INFO: 已经解析完新疆省份下9学科的数据，并存入到Prov_Sub_input文件！
2017-11-30 12:02:14,888:INFO: 正在读取新疆省份下22学科的Sub_kpoint_input文件
2017-11-30 12:02:17,906:INFO: 已经解析完新疆省份下9学科的数据，并存入到Prov_Sub_input文件！
2017-11-30 12:02:17,906:INFO: 正在读取新疆省份下5学科的Sub_kpoint_input文件
2017-11-30 12:02:20,849:INFO: 已经解析完新疆省份下9学科的数据，并存入到Prov_Sub_input文件！
2017-11-30 12:02:20,849:INFO: 正在读取新疆省份下25学科的Sub_kpoint_input文件
2017-11-30 12:02:23,807:INFO: 已经解析完新疆省份下9学科的数据，并存入到Prov_Sub_input文件！
2017-11-30 12:02:23,808:INFO: 正在读取新疆省份下45学科的Sub_kpoint_input文件
2017-11-30 12:02:26,737:INFO: 已经解析完新疆省份下9学科的数据，并存入到Prov_Sub_input文件！
2017-11-30 12:02:26,737:INFO: 正在读取新疆省份下44学科的Sub_kpoint_input文件
2017-11-30 12:02:29,704:INFO: 已经解析完新疆省份下9学科的数据，并存入到Prov_Sub_input文件！
2017-11-30 12:02:29,741:INFO: the classify the subject 
2017-11-30 12:02:29,741:INFO: 正在读取辽宁省份下28学科的Sub_kpoint_input文件
2017-11-30 12:02:38,905:INFO: 已经解析完辽宁省份下52学科的数据，并存入到Prov_Sub_input文件！
2017-11-30 12:02:38,905:INFO: 正在读取辽宁省份下43学科的Sub_kpoint_input文件
2017-11-30 12:02:47,794:INFO: 已经解析完辽宁省份下52学科的数据，并存入到Prov_Sub_input文件！
2017-11-30 12:02:47,794:INFO: 正在读取辽宁省份下41学科的Sub_kpoint_input文件
2017-11-30 12:02:56,863:INFO: 已经解析完辽宁省份下52学科的数据，并存入到Prov_Sub_input文件！
2017-11-30 12:02:56,864:INFO: 正在读取辽宁省份下9学科的Sub_kpoint_input文件
2017-11-30 12:03:06,094:INFO: 已经解析完辽宁省份下52学科的数据，并存入到Prov_Sub_input文件！
2017-11-30 12:03:06,094:INFO: 正在读取辽宁省份下27学科的Sub_kpoint_input文件
2017-11-30 12:03:15,104:INFO: 已经解析完辽宁省份下52学科的数据，并存入到Prov_Sub_input文件！
2017-11-30 12:03:15,104:INFO: 正在读取辽宁省份下24学科的Sub_kpoint_input文件
2017-11-30 12:03:24,067:INFO: 已经解析完辽宁省份下52学科的数据，并存入到Prov_Sub_input文件！
2017-11-30 12:03:24,067:INFO: 正在读取辽宁省份下50学科的Sub_kpoint_input文件
2017-11-30 12:03:33,338:INFO: 已经解析完辽宁省份下52学科的数据，并存入到Prov_Sub_input文件！
2017-11-30 12:03:33,338:INFO: 正在读取辽宁省份下23学科的Sub_kpoint_input文件
2017-11-30 12:03:42,320:INFO: 已经解析完辽宁省份下52学科的数据，并存入到Prov_Sub_input文件！
2017-11-30 12:03:42,321:INFO: 正在读取辽宁省份下2学科的Sub_kpoint_input文件
2017-11-30 12:03:51,371:INFO: 已经解析完辽宁省份下52学科的数据，并存入到Prov_Sub_input文件！
2017-11-30 12:03:51,371:INFO: 正在读取辽宁省份下4学科的Sub_kpoint_input文件
2017-11-30 12:04:00,506:INFO: 已经解析完辽宁省份下52学科的数据，并存入到Prov_Sub_input文件！
2017-11-30 12:04:00,506:INFO: 正在读取辽宁省份下26学科的Sub_kpoint_input文件
2017-11-30 12:04:09,762:INFO: 已经解析完辽宁省份下52学科的数据，并存入到Prov_Sub_input文件！
2017-11-30 12:04:09,762:INFO: 正在读取辽宁省份下10学科的Sub_kpoint_input文件
2017-11-30 12:04:18,753:INFO: 已经解析完辽宁省份下52学科的数据，并存入到Prov_Sub_input文件！
2017-11-30 12:04:18,753:INFO: 正在读取辽宁省份下49学科的Sub_kpoint_input文件
2017-11-30 12:04:27,608:INFO: 已经解析完辽宁省份下52学科的数据，并存入到Prov_Sub_input文件！
2017-11-30 12:04:27,608:INFO: 正在读取辽宁省份下42学科的Sub_kpoint_input文件
2017-11-30 12:04:36,841:INFO: 已经解析完辽宁省份下52学科的数据，并存入到Prov_Sub_input文件！
2017-11-30 12:04:36,841:INFO: 正在读取辽宁省份下1学科的Sub_kpoint_input文件
2017-11-30 12:04:45,946:INFO: 已经解析完辽宁省份下52学科的数据，并存入到Prov_Sub_input文件！
2017-11-30 12:04:45,946:INFO: 正在读取辽宁省份下47学科的Sub_kpoint_input文件
2017-11-30 12:04:55,087:INFO: 已经解析完辽宁省份下52学科的数据，并存入到Prov_Sub_input文件！
2017-11-30 12:04:55,087:INFO: 正在读取辽宁省份下46学科的Sub_kpoint_input文件
2017-11-30 12:05:04,447:INFO: 已经解析完辽宁省份下52学科的数据，并存入到Prov_Sub_input文件！
2017-11-30 12:05:04,447:INFO: 正在读取辽宁省份下7学科的Sub_kpoint_input文件
2017-11-30 12:05:13,635:INFO: 已经解析完辽宁省份下52学科的数据，并存入到Prov_Sub_input文件！
2017-11-30 12:05:13,635:INFO: 正在读取辽宁省份下21学科的Sub_kpoint_input文件
2017-11-30 12:05:22,721:INFO: 已经解析完辽宁省份下52学科的数据，并存入到Prov_Sub_input文件！
2017-11-30 12:05:22,721:INFO: 正在读取辽宁省份下30学科的Sub_kpoint_input文件
2017-11-30 12:05:31,783:INFO: 已经解析完辽宁省份下52学科的数据，并存入到Prov_Sub_input文件！
2017-11-30 12:05:31,784:INFO: 正在读取辽宁省份下3学科的Sub_kpoint_input文件
2017-11-30 12:05:40,986:INFO: 已经解析完辽宁省份下52学科的数据，并存入到Prov_Sub_input文件！
2017-11-30 12:05:40,987:INFO: 正在读取辽宁省份下8学科的Sub_kpoint_input文件
2017-11-30 12:05:50,178:INFO: 已经解析完辽宁省份下52学科的数据，并存入到Prov_Sub_input文件！
2017-11-30 12:05:50,178:INFO: 正在读取辽宁省份下6学科的Sub_kpoint_input文件
2017-11-30 12:05:59,321:INFO: 已经解析完辽宁省份下52学科的数据，并存入到Prov_Sub_input文件！
2017-11-30 12:05:59,321:INFO: 正在读取辽宁省份下48学科的Sub_kpoint_input文件
2017-11-30 12:06:08,524:INFO: 已经解析完辽宁省份下52学科的数据，并存入到Prov_Sub_input文件！
2017-11-30 12:06:08,524:INFO: 正在读取辽宁省份下29学科的Sub_kpoint_input文件
2017-11-30 12:06:17,751:INFO: 已经解析完辽宁省份下52学科的数据，并存入到Prov_Sub_input文件！
2017-11-30 12:06:17,751:INFO: 正在读取辽宁省份下22学科的Sub_kpoint_input文件
2017-11-30 12:06:26,798:INFO: 已经解析完辽宁省份下52学科的数据，并存入到Prov_Sub_input文件！
2017-11-30 12:06:26,799:INFO: 正在读取辽宁省份下5学科的Sub_kpoint_input文件
2017-11-30 12:06:35,833:INFO: 已经解析完辽宁省份下52学科的数据，并存入到Prov_Sub_input文件！
2017-11-30 12:06:35,833:INFO: 正在读取辽宁省份下25学科的Sub_kpoint_input文件
2017-11-30 12:06:44,854:INFO: 已经解析完辽宁省份下52学科的数据，并存入到Prov_Sub_input文件！
2017-11-30 12:06:44,854:INFO: 正在读取辽宁省份下45学科的Sub_kpoint_input文件
2017-11-30 12:06:53,903:INFO: 已经解析完辽宁省份下52学科的数据，并存入到Prov_Sub_input文件！
2017-11-30 12:06:53,903:INFO: 正在读取辽宁省份下44学科的Sub_kpoint_input文件
2017-11-30 12:07:03,001:INFO: 已经解析完辽宁省份下52学科的数据，并存入到Prov_Sub_input文件！
2017-11-30 13:30:44,120:INFO: the classify the subject 
2017-11-30 13:30:44,120:INFO: 正在读取湖北省份下7学科的Sub_kpoint_input文件
2017-11-30 13:30:52,921:INFO: 已经解析完湖北省份下22学科的数据，并存入到Prov_Sub_input文件！
2017-11-30 13:30:52,921:INFO: 正在读取湖北省份下8学科的Sub_kpoint_input文件
2017-11-30 13:31:01,409:INFO: 已经解析完湖北省份下22学科的数据，并存入到Prov_Sub_input文件！
2017-11-30 13:31:01,410:INFO: 正在读取湖北省份下4学科的Sub_kpoint_input文件
2017-11-30 13:31:09,992:INFO: 已经解析完湖北省份下22学科的数据，并存入到Prov_Sub_input文件！
2017-11-30 13:31:09,993:INFO: 正在读取湖北省份下9学科的Sub_kpoint_input文件
2017-11-30 13:31:18,803:INFO: 已经解析完湖北省份下22学科的数据，并存入到Prov_Sub_input文件！
2017-11-30 13:31:18,803:INFO: 正在读取湖北省份下10学科的Sub_kpoint_input文件
2017-11-30 13:31:27,202:INFO: 已经解析完湖北省份下22学科的数据，并存入到Prov_Sub_input文件！
2017-11-30 13:31:27,202:INFO: 正在读取湖北省份下3学科的Sub_kpoint_input文件
2017-11-30 13:31:35,692:INFO: 已经解析完湖北省份下22学科的数据，并存入到Prov_Sub_input文件！
2017-11-30 13:31:35,692:INFO: 正在读取湖北省份下27学科的Sub_kpoint_input文件
2017-11-30 13:31:44,160:INFO: 已经解析完湖北省份下22学科的数据，并存入到Prov_Sub_input文件！
2017-11-30 13:31:44,160:INFO: 正在读取湖北省份下26学科的Sub_kpoint_input文件
2017-11-30 13:31:53,103:INFO: 已经解析完湖北省份下22学科的数据，并存入到Prov_Sub_input文件！
2017-11-30 13:31:53,103:INFO: 正在读取湖北省份下43学科的Sub_kpoint_input文件
2017-11-30 13:32:01,552:INFO: 已经解析完湖北省份下22学科的数据，并存入到Prov_Sub_input文件！
2017-11-30 13:32:01,552:INFO: 正在读取湖北省份下47学科的Sub_kpoint_input文件
2017-11-30 13:32:09,988:INFO: 已经解析完湖北省份下22学科的数据，并存入到Prov_Sub_input文件！
2017-11-30 13:32:09,989:INFO: 正在读取湖北省份下1学科的Sub_kpoint_input文件
2017-11-30 13:32:18,957:INFO: 已经解析完湖北省份下22学科的数据，并存入到Prov_Sub_input文件！
2017-11-30 13:32:18,957:INFO: 正在读取湖北省份下2学科的Sub_kpoint_input文件
2017-11-30 13:32:27,510:INFO: 已经解析完湖北省份下22学科的数据，并存入到Prov_Sub_input文件！
2017-11-30 13:32:27,510:INFO: 正在读取湖北省份下29学科的Sub_kpoint_input文件
2017-11-30 13:32:36,007:INFO: 已经解析完湖北省份下22学科的数据，并存入到Prov_Sub_input文件！
2017-11-30 13:32:36,007:INFO: 正在读取湖北省份下48学科的Sub_kpoint_input文件
2017-11-30 13:32:44,554:INFO: 已经解析完湖北省份下22学科的数据，并存入到Prov_Sub_input文件！
2017-11-30 13:32:44,554:INFO: 正在读取湖北省份下30学科的Sub_kpoint_input文件
2017-11-30 13:32:53,302:INFO: 已经解析完湖北省份下22学科的数据，并存入到Prov_Sub_input文件！
2017-11-30 13:32:53,303:INFO: 正在读取湖北省份下5学科的Sub_kpoint_input文件
2017-11-30 13:33:01,768:INFO: 已经解析完湖北省份下22学科的数据，并存入到Prov_Sub_input文件！
2017-11-30 13:33:01,768:INFO: 正在读取湖北省份下44学科的Sub_kpoint_input文件
2017-11-30 13:33:10,273:INFO: 已经解析完湖北省份下22学科的数据，并存入到Prov_Sub_input文件！
2017-11-30 13:33:10,273:INFO: 正在读取湖北省份下6学科的Sub_kpoint_input文件
2017-11-30 13:33:18,880:INFO: 已经解析完湖北省份下22学科的数据，并存入到Prov_Sub_input文件！
2017-11-30 13:33:18,881:INFO: 正在读取湖北省份下45学科的Sub_kpoint_input文件
2017-11-30 13:33:27,403:INFO: 已经解析完湖北省份下22学科的数据，并存入到Prov_Sub_input文件！
2017-11-30 13:33:27,403:INFO: 正在读取湖北省份下23学科的Sub_kpoint_input文件
2017-11-30 13:33:35,910:INFO: 已经解析完湖北省份下22学科的数据，并存入到Prov_Sub_input文件！
2017-11-30 13:33:35,910:INFO: 正在读取湖北省份下22学科的Sub_kpoint_input文件
2017-11-30 13:33:44,303:INFO: 已经解析完湖北省份下22学科的数据，并存入到Prov_Sub_input文件！
2017-11-30 13:33:44,303:INFO: 正在读取湖北省份下28学科的Sub_kpoint_input文件
2017-11-30 13:33:52,860:INFO: 已经解析完湖北省份下22学科的数据，并存入到Prov_Sub_input文件！
2017-11-30 13:33:52,860:INFO: 正在读取湖北省份下49学科的Sub_kpoint_input文件
2017-11-30 13:34:01,330:INFO: 已经解析完湖北省份下22学科的数据，并存入到Prov_Sub_input文件！
2017-11-30 13:34:01,330:INFO: 正在读取湖北省份下25学科的Sub_kpoint_input文件
2017-11-30 13:34:09,753:INFO: 已经解析完湖北省份下22学科的数据，并存入到Prov_Sub_input文件！
2017-11-30 13:34:09,753:INFO: 正在读取湖北省份下41学科的Sub_kpoint_input文件
2017-11-30 13:34:18,169:INFO: 已经解析完湖北省份下22学科的数据，并存入到Prov_Sub_input文件！
2017-11-30 13:34:18,169:INFO: 正在读取湖北省份下46学科的Sub_kpoint_input文件
2017-11-30 13:34:26,717:INFO: 已经解析完湖北省份下22学科的数据，并存入到Prov_Sub_input文件！
2017-11-30 13:34:26,717:INFO: 正在读取湖北省份下24学科的Sub_kpoint_input文件
2017-11-30 13:34:35,240:INFO: 已经解析完湖北省份下22学科的数据，并存入到Prov_Sub_input文件！
2017-11-30 13:34:35,240:INFO: 正在读取湖北省份下50学科的Sub_kpoint_input文件
2017-11-30 13:34:43,807:INFO: 已经解析完湖北省份下22学科的数据，并存入到Prov_Sub_input文件！
2017-11-30 13:34:43,808:INFO: 正在读取湖北省份下42学科的Sub_kpoint_input文件
2017-11-30 13:34:52,190:INFO: 已经解析完湖北省份下22学科的数据，并存入到Prov_Sub_input文件！
2017-11-30 13:34:52,190:INFO: 正在读取湖北省份下21学科的Sub_kpoint_input文件
2017-11-30 13:35:00,769:INFO: 已经解析完湖北省份下22学科的数据，并存入到Prov_Sub_input文件！
2017-11-30 15:20:55,397:INFO: the classify the subject 
2017-11-30 15:20:55,397:INFO: 正在读取河南省份下28学科的Sub_kpoint_input文件
2017-11-30 15:21:15,212:INFO: 已经解析完河南省份下6学科的数据，并存入到Prov_Sub_input文件！
2017-11-30 15:21:15,213:INFO: 正在读取河南省份下44学科的Sub_kpoint_input文件
2017-11-30 15:21:34,182:INFO: 已经解析完河南省份下6学科的数据，并存入到Prov_Sub_input文件！
2017-11-30 15:21:34,182:INFO: 正在读取河南省份下1学科的Sub_kpoint_input文件
2017-11-30 15:21:52,395:INFO: 已经解析完河南省份下6学科的数据，并存入到Prov_Sub_input文件！
2017-11-30 15:21:52,395:INFO: 正在读取河南省份下41学科的Sub_kpoint_input文件
2017-11-30 15:22:11,002:INFO: 已经解析完河南省份下6学科的数据，并存入到Prov_Sub_input文件！
2017-11-30 15:22:11,003:INFO: 正在读取河南省份下50学科的Sub_kpoint_input文件
2017-11-30 15:22:29,172:INFO: 已经解析完河南省份下6学科的数据，并存入到Prov_Sub_input文件！
2017-11-30 15:22:29,172:INFO: 正在读取河南省份下30学科的Sub_kpoint_input文件
2017-11-30 15:22:47,807:INFO: 已经解析完河南省份下6学科的数据，并存入到Prov_Sub_input文件！
2017-11-30 15:22:47,807:INFO: 正在读取河南省份下21学科的Sub_kpoint_input文件
2017-11-30 15:23:06,570:INFO: 已经解析完河南省份下6学科的数据，并存入到Prov_Sub_input文件！
2017-11-30 15:23:06,570:INFO: 正在读取河南省份下8学科的Sub_kpoint_input文件
2017-11-30 15:23:24,847:INFO: 已经解析完河南省份下6学科的数据，并存入到Prov_Sub_input文件！
2017-11-30 15:23:24,847:INFO: 正在读取河南省份下23学科的Sub_kpoint_input文件
2017-11-30 15:23:43,626:INFO: 已经解析完河南省份下6学科的数据，并存入到Prov_Sub_input文件！
2017-11-30 15:23:43,626:INFO: 正在读取河南省份下42学科的Sub_kpoint_input文件
2017-11-30 15:24:01,940:INFO: 已经解析完河南省份下6学科的数据，并存入到Prov_Sub_input文件！
2017-11-30 15:24:01,940:INFO: 正在读取河南省份下45学科的Sub_kpoint_input文件
2017-11-30 15:24:20,508:INFO: 已经解析完河南省份下6学科的数据，并存入到Prov_Sub_input文件！
2017-11-30 15:24:20,508:INFO: 正在读取河南省份下2学科的Sub_kpoint_input文件
2017-11-30 15:24:38,965:INFO: 已经解析完河南省份下6学科的数据，并存入到Prov_Sub_input文件！
2017-11-30 15:24:38,965:INFO: 正在读取河南省份下6学科的Sub_kpoint_input文件
2017-11-30 15:24:57,586:INFO: 已经解析完河南省份下6学科的数据，并存入到Prov_Sub_input文件！
2017-11-30 15:24:57,586:INFO: 正在读取河南省份下22学科的Sub_kpoint_input文件
2017-11-30 15:25:16,657:INFO: 已经解析完河南省份下6学科的数据，并存入到Prov_Sub_input文件！
2017-11-30 15:25:16,657:INFO: 正在读取河南省份下29学科的Sub_kpoint_input文件
2017-11-30 15:25:35,288:INFO: 已经解析完河南省份下6学科的数据，并存入到Prov_Sub_input文件！
2017-11-30 15:25:35,288:INFO: 正在读取河南省份下7学科的Sub_kpoint_input文件
2017-11-30 15:25:54,212:INFO: 已经解析完河南省份下6学科的数据，并存入到Prov_Sub_input文件！
2017-11-30 15:25:54,212:INFO: 正在读取河南省份下49学科的Sub_kpoint_input文件
2017-11-30 15:26:13,270:INFO: 已经解析完河南省份下6学科的数据，并存入到Prov_Sub_input文件！
2017-11-30 15:26:13,270:INFO: 正在读取河南省份下43学科的Sub_kpoint_input文件
2017-11-30 15:26:31,443:INFO: 已经解析完河南省份下6学科的数据，并存入到Prov_Sub_input文件！
2017-11-30 15:26:31,444:INFO: 正在读取河南省份下5学科的Sub_kpoint_input文件
2017-11-30 15:26:49,982:INFO: 已经解析完河南省份下6学科的数据，并存入到Prov_Sub_input文件！
2017-11-30 15:26:49,982:INFO: 正在读取河南省份下9学科的Sub_kpoint_input文件
2017-11-30 15:27:08,313:INFO: 已经解析完河南省份下6学科的数据，并存入到Prov_Sub_input文件！
2017-11-30 15:27:08,313:INFO: 正在读取河南省份下24学科的Sub_kpoint_input文件
2017-11-30 15:27:26,638:INFO: 已经解析完河南省份下6学科的数据，并存入到Prov_Sub_input文件！
2017-11-30 15:27:26,639:INFO: 正在读取河南省份下10学科的Sub_kpoint_input文件
2017-11-30 15:27:44,860:INFO: 已经解析完河南省份下6学科的数据，并存入到Prov_Sub_input文件！
2017-11-30 15:27:44,860:INFO: 正在读取河南省份下27学科的Sub_kpoint_input文件
2017-11-30 15:28:03,411:INFO: 已经解析完河南省份下6学科的数据，并存入到Prov_Sub_input文件！
2017-11-30 15:28:03,412:INFO: 正在读取河南省份下47学科的Sub_kpoint_input文件
2017-11-30 15:28:21,930:INFO: 已经解析完河南省份下6学科的数据，并存入到Prov_Sub_input文件！
2017-11-30 15:28:21,930:INFO: 正在读取河南省份下48学科的Sub_kpoint_input文件
2017-11-30 15:28:40,265:INFO: 已经解析完河南省份下6学科的数据，并存入到Prov_Sub_input文件！
2017-11-30 15:28:40,265:INFO: 正在读取河南省份下25学科的Sub_kpoint_input文件
2017-11-30 15:28:58,710:INFO: 已经解析完河南省份下6学科的数据，并存入到Prov_Sub_input文件！
2017-11-30 15:28:58,710:INFO: 正在读取河南省份下46学科的Sub_kpoint_input文件
2017-11-30 15:29:16,961:INFO: 已经解析完河南省份下6学科的数据，并存入到Prov_Sub_input文件！
2017-11-30 15:29:16,961:INFO: 正在读取河南省份下26学科的Sub_kpoint_input文件
2017-11-30 15:29:35,406:INFO: 已经解析完河南省份下6学科的数据，并存入到Prov_Sub_input文件！
2017-11-30 15:29:35,406:INFO: 正在读取河南省份下4学科的Sub_kpoint_input文件
2017-11-30 15:29:53,703:INFO: 已经解析完河南省份下6学科的数据，并存入到Prov_Sub_input文件！
2017-11-30 15:29:53,703:INFO: 正在读取河南省份下3学科的Sub_kpoint_input文件
2017-11-30 15:30:12,042:INFO: 已经解析完河南省份下6学科的数据，并存入到Prov_Sub_input文件！
2017-11-30 15:42:31,474:INFO: the classify the subject 
2017-11-30 15:42:31,475:INFO: 正在读取内蒙省份下43学科的Sub_kpoint_input文件
2017-11-30 15:42:36,145:INFO: 已经解析完内蒙省份下2学科的数据，并存入到Prov_Sub_input文件！
2017-11-30 15:42:36,145:INFO: 正在读取内蒙省份下28学科的Sub_kpoint_input文件
2017-11-30 15:42:40,686:INFO: 已经解析完内蒙省份下2学科的数据，并存入到Prov_Sub_input文件！
2017-11-30 15:42:40,686:INFO: 正在读取内蒙省份下30学科的Sub_kpoint_input文件
2017-11-30 15:42:45,339:INFO: 已经解析完内蒙省份下2学科的数据，并存入到Prov_Sub_input文件！
2017-11-30 15:42:45,340:INFO: 正在读取内蒙省份下22学科的Sub_kpoint_input文件
2017-11-30 15:42:49,826:INFO: 已经解析完内蒙省份下2学科的数据，并存入到Prov_Sub_input文件！
2017-11-30 15:42:49,826:INFO: 正在读取内蒙省份下44学科的Sub_kpoint_input文件
2017-11-30 15:42:54,469:INFO: 已经解析完内蒙省份下2学科的数据，并存入到Prov_Sub_input文件！
2017-11-30 15:42:54,469:INFO: 正在读取内蒙省份下21学科的Sub_kpoint_input文件
2017-11-30 15:42:58,996:INFO: 已经解析完内蒙省份下2学科的数据，并存入到Prov_Sub_input文件！
2017-11-30 15:42:58,996:INFO: 正在读取内蒙省份下4学科的Sub_kpoint_input文件
2017-11-30 15:43:03,988:INFO: 已经解析完内蒙省份下2学科的数据，并存入到Prov_Sub_input文件！
2017-11-30 15:43:03,988:INFO: 正在读取内蒙省份下23学科的Sub_kpoint_input文件
2017-11-30 15:43:08,648:INFO: 已经解析完内蒙省份下2学科的数据，并存入到Prov_Sub_input文件！
2017-11-30 15:43:08,648:INFO: 正在读取内蒙省份下24学科的Sub_kpoint_input文件
2017-11-30 15:43:13,158:INFO: 已经解析完内蒙省份下2学科的数据，并存入到Prov_Sub_input文件！
2017-11-30 15:43:13,158:INFO: 正在读取内蒙省份下49学科的Sub_kpoint_input文件
2017-11-30 15:43:17,698:INFO: 已经解析完内蒙省份下2学科的数据，并存入到Prov_Sub_input文件！
2017-11-30 15:43:17,698:INFO: 正在读取内蒙省份下25学科的Sub_kpoint_input文件
2017-11-30 15:43:22,177:INFO: 已经解析完内蒙省份下2学科的数据，并存入到Prov_Sub_input文件！
2017-11-30 15:43:22,177:INFO: 正在读取内蒙省份下3学科的Sub_kpoint_input文件
2017-11-30 15:43:26,782:INFO: 已经解析完内蒙省份下2学科的数据，并存入到Prov_Sub_input文件！
2017-11-30 15:43:26,783:INFO: 正在读取内蒙省份下50学科的Sub_kpoint_input文件
2017-11-30 15:43:31,327:INFO: 已经解析完内蒙省份下2学科的数据，并存入到Prov_Sub_input文件！
2017-11-30 15:43:31,328:INFO: 正在读取内蒙省份下2学科的Sub_kpoint_input文件
2017-11-30 15:43:36,067:INFO: 已经解析完内蒙省份下2学科的数据，并存入到Prov_Sub_input文件！
2017-11-30 15:43:36,068:INFO: 正在读取内蒙省份下41学科的Sub_kpoint_input文件
2017-11-30 15:43:40,535:INFO: 已经解析完内蒙省份下2学科的数据，并存入到Prov_Sub_input文件！
2017-11-30 15:43:40,535:INFO: 正在读取内蒙省份下10学科的Sub_kpoint_input文件
2017-11-30 15:43:45,156:INFO: 已经解析完内蒙省份下2学科的数据，并存入到Prov_Sub_input文件！
2017-11-30 15:43:45,156:INFO: 正在读取内蒙省份下8学科的Sub_kpoint_input文件
2017-11-30 15:43:49,713:INFO: 已经解析完内蒙省份下2学科的数据，并存入到Prov_Sub_input文件！
2017-11-30 15:43:49,714:INFO: 正在读取内蒙省份下26学科的Sub_kpoint_input文件
2017-11-30 15:43:54,422:INFO: 已经解析完内蒙省份下2学科的数据，并存入到Prov_Sub_input文件！
2017-11-30 15:43:54,422:INFO: 正在读取内蒙省份下9学科的Sub_kpoint_input文件
2017-11-30 15:43:59,023:INFO: 已经解析完内蒙省份下2学科的数据，并存入到Prov_Sub_input文件！
2017-11-30 15:43:59,023:INFO: 正在读取内蒙省份下5学科的Sub_kpoint_input文件
2017-11-30 15:44:03,850:INFO: 已经解析完内蒙省份下2学科的数据，并存入到Prov_Sub_input文件！
2017-11-30 15:44:03,850:INFO: 正在读取内蒙省份下42学科的Sub_kpoint_input文件
2017-11-30 15:44:08,414:INFO: 已经解析完内蒙省份下2学科的数据，并存入到Prov_Sub_input文件！
2017-11-30 15:44:08,414:INFO: 正在读取内蒙省份下29学科的Sub_kpoint_input文件
2017-11-30 15:44:12,958:INFO: 已经解析完内蒙省份下2学科的数据，并存入到Prov_Sub_input文件！
2017-11-30 15:44:12,958:INFO: 正在读取内蒙省份下45学科的Sub_kpoint_input文件
2017-11-30 15:44:17,382:INFO: 已经解析完内蒙省份下2学科的数据，并存入到Prov_Sub_input文件！
2017-11-30 15:44:17,382:INFO: 正在读取内蒙省份下27学科的Sub_kpoint_input文件
2017-11-30 15:44:21,805:INFO: 已经解析完内蒙省份下2学科的数据，并存入到Prov_Sub_input文件！
2017-11-30 15:44:21,805:INFO: 正在读取内蒙省份下1学科的Sub_kpoint_input文件
2017-11-30 15:44:26,342:INFO: 已经解析完内蒙省份下2学科的数据，并存入到Prov_Sub_input文件！
2017-11-30 15:44:26,342:INFO: 正在读取内蒙省份下47学科的Sub_kpoint_input文件
2017-11-30 15:44:30,791:INFO: 已经解析完内蒙省份下2学科的数据，并存入到Prov_Sub_input文件！
2017-11-30 15:44:30,792:INFO: 正在读取内蒙省份下46学科的Sub_kpoint_input文件
2017-11-30 15:44:35,524:INFO: 已经解析完内蒙省份下2学科的数据，并存入到Prov_Sub_input文件！
2017-11-30 15:44:35,524:INFO: 正在读取内蒙省份下7学科的Sub_kpoint_input文件
2017-11-30 15:44:40,062:INFO: 已经解析完内蒙省份下2学科的数据，并存入到Prov_Sub_input文件！
2017-11-30 15:44:40,062:INFO: 正在读取内蒙省份下48学科的Sub_kpoint_input文件
2017-11-30 15:44:44,618:INFO: 已经解析完内蒙省份下2学科的数据，并存入到Prov_Sub_input文件！
2017-11-30 15:44:44,619:INFO: 正在读取内蒙省份下6学科的Sub_kpoint_input文件
2017-11-30 15:44:49,143:INFO: 已经解析完内蒙省份下2学科的数据，并存入到Prov_Sub_input文件！
2017-11-30 16:33:46,724:INFO: the classify the subject 
2017-11-30 16:33:46,725:INFO: 正在读取青海省份下48学科的Sub_kpoint_input文件
2017-11-30 16:33:46,725:INFO: 正在读取青海省份下7学科的Sub_kpoint_input文件
2017-11-30 16:33:46,725:INFO: 正在读取青海省份下4学科的Sub_kpoint_input文件
2017-11-30 16:33:46,725:INFO: 正在读取青海省份下23学科的Sub_kpoint_input文件
2017-11-30 16:33:46,725:INFO: 正在读取青海省份下44学科的Sub_kpoint_input文件
2017-11-30 16:33:46,725:INFO: 正在读取青海省份下6学科的Sub_kpoint_input文件
2017-11-30 16:33:46,725:INFO: 正在读取青海省份下5学科的Sub_kpoint_input文件
2017-11-30 16:33:46,726:INFO: 正在读取青海省份下25学科的Sub_kpoint_input文件
2017-11-30 16:33:46,726:INFO: 正在读取青海省份下45学科的Sub_kpoint_input文件
2017-11-30 16:33:46,726:INFO: 正在读取青海省份下50学科的Sub_kpoint_input文件
2017-11-30 16:33:46,726:INFO: 正在读取青海省份下8学科的Sub_kpoint_input文件
2017-11-30 16:33:46,726:INFO: 正在读取青海省份下30学科的Sub_kpoint_input文件
2017-11-30 16:33:46,726:INFO: 正在读取青海省份下49学科的Sub_kpoint_input文件
2017-11-30 16:33:46,727:INFO: 正在读取青海省份下46学科的Sub_kpoint_input文件
2017-11-30 16:33:46,727:INFO: 正在读取青海省份下27学科的Sub_kpoint_input文件
2017-11-30 16:33:46,727:INFO: 正在读取青海省份下3学科的Sub_kpoint_input文件
2017-11-30 16:33:46,727:INFO: 正在读取青海省份下41学科的Sub_kpoint_input文件
2017-11-30 16:33:46,728:INFO: 正在读取青海省份下28学科的Sub_kpoint_input文件
2017-11-30 16:33:46,728:INFO: 正在读取青海省份下2学科的Sub_kpoint_input文件
2017-11-30 16:33:46,729:INFO: 正在读取青海省份下26学科的Sub_kpoint_input文件
2017-11-30 16:33:46,729:INFO: 正在读取青海省份下22学科的Sub_kpoint_input文件
2017-11-30 16:33:46,729:INFO: 正在读取青海省份下24学科的Sub_kpoint_input文件
2017-11-30 16:33:46,729:INFO: 正在读取青海省份下10学科的Sub_kpoint_input文件
2017-11-30 16:33:46,729:INFO: 正在读取青海省份下1学科的Sub_kpoint_input文件
2017-11-30 16:33:46,730:INFO: 正在读取青海省份下42学科的Sub_kpoint_input文件
2017-11-30 16:33:46,730:INFO: 正在读取青海省份下47学科的Sub_kpoint_input文件
2017-11-30 16:33:46,730:INFO: 正在读取青海省份下43学科的Sub_kpoint_input文件
2017-11-30 16:33:46,730:INFO: 正在读取青海省份下29学科的Sub_kpoint_input文件
2017-11-30 16:33:46,731:INFO: 正在读取青海省份下21学科的Sub_kpoint_input文件
2017-11-30 16:33:46,731:INFO: 正在读取青海省份下9学科的Sub_kpoint_input文件
2017-11-30 16:33:47,587:INFO: 已经解析完青海省份下42学科的数据，并存入到Prov_Sub_input文件！
2017-11-30 16:33:47,602:INFO: 已经解析完青海省份下42学科的数据，并存入到Prov_Sub_input文件！
2017-11-30 16:33:47,631:INFO: 已经解析完青海省份下42学科的数据，并存入到Prov_Sub_input文件！
2017-11-30 16:33:48,453:INFO: 已经解析完青海省份下42学科的数据，并存入到Prov_Sub_input文件！
2017-11-30 16:33:48,470:INFO: 已经解析完青海省份下42学科的数据，并存入到Prov_Sub_input文件！
2017-11-30 16:33:48,486:INFO: 已经解析完青海省份下42学科的数据，并存入到Prov_Sub_input文件！
2017-11-30 16:33:49,323:INFO: 已经解析完青海省份下42学科的数据，并存入到Prov_Sub_input文件！
2017-11-30 16:33:49,353:INFO: 已经解析完青海省份下42学科的数据，并存入到Prov_Sub_input文件！
2017-11-30 16:33:49,365:INFO: 已经解析完青海省份下42学科的数据，并存入到Prov_Sub_input文件！
2017-11-30 16:33:50,223:INFO: 已经解析完青海省份下42学科的数据，并存入到Prov_Sub_input文件！
2017-11-30 16:33:50,258:INFO: 已经解析完青海省份下42学科的数据，并存入到Prov_Sub_input文件！
2017-11-30 16:33:50,267:INFO: 已经解析完青海省份下42学科的数据，并存入到Prov_Sub_input文件！
2017-11-30 16:33:51,093:INFO: 已经解析完青海省份下42学科的数据，并存入到Prov_Sub_input文件！
2017-11-30 16:33:51,139:INFO: 已经解析完青海省份下42学科的数据，并存入到Prov_Sub_input文件！
2017-11-30 16:33:51,148:INFO: 已经解析完青海省份下42学科的数据，并存入到Prov_Sub_input文件！
2017-11-30 16:33:51,988:INFO: 已经解析完青海省份下42学科的数据，并存入到Prov_Sub_input文件！
2017-11-30 16:33:52,031:INFO: 已经解析完青海省份下42学科的数据，并存入到Prov_Sub_input文件！
2017-11-30 16:33:52,033:INFO: 已经解析完青海省份下42学科的数据，并存入到Prov_Sub_input文件！
2017-11-30 16:33:52,869:INFO: 已经解析完青海省份下42学科的数据，并存入到Prov_Sub_input文件！
2017-11-30 16:33:52,891:INFO: 已经解析完青海省份下42学科的数据，并存入到Prov_Sub_input文件！
2017-11-30 16:33:52,897:INFO: 已经解析完青海省份下42学科的数据，并存入到Prov_Sub_input文件！
2017-11-30 16:33:53,738:INFO: 已经解析完青海省份下42学科的数据，并存入到Prov_Sub_input文件！
2017-11-30 16:33:53,743:INFO: 已经解析完青海省份下42学科的数据，并存入到Prov_Sub_input文件！
2017-11-30 16:33:53,786:INFO: 已经解析完青海省份下42学科的数据，并存入到Prov_Sub_input文件！
2017-11-30 16:33:54,637:INFO: 已经解析完青海省份下42学科的数据，并存入到Prov_Sub_input文件！
2017-11-30 16:33:54,654:INFO: 已经解析完青海省份下42学科的数据，并存入到Prov_Sub_input文件！
2017-11-30 16:33:54,703:INFO: 已经解析完青海省份下42学科的数据，并存入到Prov_Sub_input文件！
2017-11-30 16:33:55,491:INFO: 已经解析完青海省份下42学科的数据，并存入到Prov_Sub_input文件！
2017-11-30 16:33:55,528:INFO: 已经解析完青海省份下42学科的数据，并存入到Prov_Sub_input文件！
2017-11-30 16:33:55,575:INFO: 已经解析完青海省份下42学科的数据，并存入到Prov_Sub_input文件！
