2017-12-05 16:56:15,244:INFO: running the prov is: 辽宁
2017-12-05 16:56:15,248:INFO: running the prov is: 浙江
2017-12-05 16:56:15,248:INFO: running the prov is: 海南
2017-12-05 16:56:15,249:INFO: running the prov is: 湖北
2017-12-05 16:56:15,249:INFO: running the prov is: 甘肃
2017-12-05 16:56:15,249:INFO: running the prov is: 新疆
2017-12-05 16:56:15,250:INFO: running the prov is: 陕西
2017-12-05 16:56:15,250:INFO: running the prov is: 广西
2017-12-05 16:56:15,250:INFO: running the prov is: 青海
2017-12-05 16:56:15,251:INFO: running the prov is: 江西
2017-12-05 16:56:15,251:INFO: running the prov is: 天津
2017-12-05 16:56:15,252:INFO: running the prov is: 山西
2017-12-05 16:56:15,252:INFO: running the prov is: 湖南
2017-12-05 16:56:15,252:INFO: running the prov is: 重庆
2017-12-05 16:56:15,253:INFO: running the prov is: 山东
2017-12-05 16:56:15,253:INFO: running the prov is: 云南
2017-12-05 16:56:15,253:INFO: running the prov is: 北京
2017-12-05 16:56:15,254:INFO: running the prov is: 西藏
2017-12-05 16:56:15,254:INFO: running the prov is: 全国
2017-12-05 16:56:15,254:INFO: running the prov is: 江苏
2017-12-05 16:56:15,255:INFO: running the prov is: 河南
2017-12-05 16:56:15,255:INFO: running the prov is: 内蒙
2017-12-05 16:56:15,255:INFO: running the prov is: 宁夏
2017-12-05 16:56:15,256:INFO: running the prov is: 安徽
2017-12-05 16:56:15,256:INFO: running the prov is: 福建
2017-12-05 16:56:15,256:INFO: running the prov is: 上海
2017-12-05 16:56:15,257:INFO: running the prov is: 四川
2017-12-05 16:56:15,257:INFO: running the prov is: 河北
2017-12-05 16:56:15,257:INFO: running the prov is: 黑龙
2017-12-05 16:56:15,258:INFO: running the prov is: 吉林
2017-12-05 16:56:15,258:INFO: running the prov is: 广东
2017-12-05 16:56:15,258:INFO: running the prov is: 贵州
2017-12-05 17:12:50,277:INFO: the prov : 海南 has been finished !
2017-12-05 19:01:24,382:INFO: the prov : 湖北 has been finished !
2017-12-05 19:09:24,390:INFO: the prov : 辽宁 has been finished !
2017-12-05 19:32:14,244:INFO: the prov : 浙江 has been finished !
2017-12-05 19:49:54,010:INFO: the prov : 新疆 has been finished !
2017-12-05 20:10:06,849:INFO: the prov : 甘肃 has been finished !
2017-12-05 20:21:53,600:INFO: the prov : 青海 has been finished !
2017-12-05 20:48:51,694:INFO: the prov : 广西 has been finished !
2017-12-05 21:11:51,185:INFO: the prov : 陕西 has been finished !
2017-12-05 21:20:47,519:INFO: the prov : 天津 has been finished !
2017-12-05 22:10:18,967:INFO: the prov : 江西 has been finished !
2017-12-05 22:45:43,286:INFO: the prov : 山西 has been finished !
2017-12-05 23:01:35,219:INFO: the prov : 湖南 has been finished !
2017-12-05 23:34:11,605:INFO: the prov : 重庆 has been finished !
2017-12-06 00:28:51,291:INFO: the prov : 云南 has been finished !
2017-12-06 00:31:01,726:INFO: the prov : 西藏 has been finished !
2017-12-06 00:31:25,449:INFO: the prov : 全国 has been finished !
2017-12-06 00:34:04,603:INFO: the prov : 北京 has been finished !
2017-12-06 03:26:56,354:INFO: the prov : 江苏 has been finished !
2017-12-06 03:37:55,970:INFO: the prov : 山东 has been finished !
2017-12-06 04:00:09,000:INFO: the prov : 宁夏 has been finished !
2017-12-06 04:15:47,402:INFO: the prov : 河南 has been finished !
2017-12-06 04:22:11,675:INFO: the prov : 内蒙 has been finished !
2017-12-06 05:08:29,289:INFO: the prov : 上海 has been finished !
2017-12-06 06:07:23,563:INFO: the prov : 安徽 has been finished !
2017-12-06 07:39:15,266:INFO: the prov : 黑龙 has been finished !
2017-12-06 08:16:28,660:INFO: the prov : 四川 has been finished !
2017-12-06 08:35:09,306:INFO: the prov : 河北 has been finished !
2017-12-06 08:52:59,411:INFO: the prov : 吉林 has been finished !
2017-12-06 09:51:41,567:INFO: the prov : 贵州 has been finished !
2017-12-06 11:37:33,294:INFO: the prov : 广东 has been finished !
