2017-12-05 19:47:25,234:INFO: 正在读取黑龙省份年級学科2下的Analy下的ItemCF数据！
2017-12-05 19:47:27,789:INFO: 正在读取黑龙省份年级学科2下的Analy下的FPGrowth数据！
2017-12-05 19:47:27,802:INFO: 用户8175150，在年级科目2下，取并集没有达到一定数量！
2017-12-05 19:47:41,253:INFO: 已经解析完用户8175150！
2017-12-05 19:47:41,269:INFO: 正在读取福建省份年級学科2下的Analy下的ItemCF数据！
2017-12-05 19:47:43,734:INFO: 正在读取福建省份年级学科2下的Analy下的FPGrowth数据！
2017-12-05 19:47:43,752:INFO: 用户8175149，在年级科目2下，取并集没有达到一定数量！
2017-12-05 19:48:03,357:INFO: 已经解析完用户8175149！
2017-12-05 19:48:03,413:INFO: 正在读取黑龙省份年級学科2下的Analy下的ItemCF数据！
2017-12-05 19:48:05,884:INFO: 正在读取黑龙省份年级学科2下的Analy下的FPGrowth数据！
2017-12-05 19:48:05,897:INFO: 用户58868005，在年级科目2下，取并集没有达到一定数量！
2017-12-05 19:48:44,147:INFO: 已经解析完用户58868005！
2017-12-06 11:19:47,992:INFO: 正在读取黑龙省份年級学科2下的Analy下的ItemCF数据！
2017-12-06 11:19:50,447:INFO: 正在读取黑龙省份年级学科2下的Analy下的FPGrowth数据！
2017-12-06 11:19:50,461:INFO: 用户8175150，在年级科目2下，取并集没有达到一定数量！
2017-12-06 11:20:03,580:INFO: 已经解析完用户8175150！
2017-12-06 11:20:03,603:INFO: 正在读取福建省份年級学科2下的Analy下的ItemCF数据！
2017-12-06 11:20:06,063:INFO: 正在读取福建省份年级学科2下的Analy下的FPGrowth数据！
2017-12-06 11:20:06,078:INFO: 用户8175149，在年级科目2下，取并集没有达到一定数量！
2017-12-06 11:20:24,944:INFO: 已经解析完用户8175149！
2017-12-06 11:20:25,062:INFO: 正在读取黑龙省份年級学科2下的Analy下的ItemCF数据！
2017-12-06 11:20:27,559:INFO: 正在读取黑龙省份年级学科2下的Analy下的FPGrowth数据！
2017-12-06 11:20:27,574:INFO: 用户58868005，在年级科目2下，取并集没有达到一定数量！
2017-12-06 11:21:02,764:INFO: 已经解析完用户58868005！
2017-12-06 11:22:43,152:INFO: 正在读取黑龙省份年級学科2下的Analy下的ItemCF数据！
2017-12-06 11:22:45,571:INFO: 正在读取黑龙省份年级学科2下的Analy下的FPGrowth数据！
2017-12-06 11:22:45,583:INFO: 用户8175150，在年级科目2下，取并集没有达到一定数量！
2017-12-06 11:22:45,812:INFO: 已经解析完用户8175150！
2017-12-06 11:22:45,828:INFO: 正在读取福建省份年級学科2下的Analy下的ItemCF数据！
2017-12-06 11:22:48,155:INFO: 正在读取福建省份年级学科2下的Analy下的FPGrowth数据！
2017-12-06 11:22:48,168:INFO: 用户8175149，在年级科目2下，取并集没有达到一定数量！
2017-12-06 11:22:48,785:INFO: 已经解析完用户8175149！
2017-12-06 11:22:48,805:INFO: 正在读取黑龙省份年級学科2下的Analy下的ItemCF数据！
2017-12-06 11:22:51,253:INFO: 正在读取黑龙省份年级学科2下的Analy下的FPGrowth数据！
2017-12-06 11:22:51,268:INFO: 用户58868005，在年级科目2下，取并集没有达到一定数量！
2017-12-06 11:23:10,740:INFO: 已经解析完用户58868005！
